The system is: Windows - 10.0.18363 - AMD64
Compiling the C compiler identification source file "CMakeCCompilerId.c" succeeded.
Compiler: C:/Program Files (x86)/Microsoft Visual Studio/2019/Community/VC/Tools/MSVC/14.22.27905/bin/Hostx64/x64/cl.exe 
Build flags: 
Id flags:  

The output was:
0
Microsoft (R) C/C++ Optimizing Compiler Version 19.22.27905 for x64
Copyright (C) Microsoft Corporation.  All rights reserved.

CMakeCCompilerId.c
Microsoft (R) Incremental Linker Version 14.22.27905.0
Copyright (C) Microsoft Corporation.  All rights reserved.

/out:CMakeCCompilerId.exe 
CMakeCCompilerId.obj 


Compilation of the C compiler identification source "CMakeCCompilerId.c" produced "CMakeCCompilerId.exe"

Compilation of the C compiler identification source "CMakeCCompilerId.c" produced "CMakeCCompilerId.obj"

The C compiler identification is MSVC, found in "C:/Users/steve/CLionProjects/redBlackTree/cmake-build-debug-visual-studio/CMakeFiles/3.17.3/CompilerIdC/CMakeCCompilerId.exe"

Compiling the CXX compiler identification source file "CMakeCXXCompilerId.cpp" succeeded.
Compiler: C:/Program Files/NVIDIA GPU Computing Toolkit/CUDA/v11.2/bin/nvcc.exe 
Build flags: 
Id flags:  

The output was:
0
CMakeCXXCompilerId.cpp


Compilation of the CXX compiler identification source "CMakeCXXCompilerId.cpp" produced "a.exe"

The CXX compiler identification is MSVC, found in "C:/Users/steve/CLionProjects/redBlackTree/cmake-build-debug-visual-studio/CMakeFiles/3.17.3/CompilerIdCXX/a.exe"

Determining if the C compiler works passed with the following output:
Change Dir: C:/Users/steve/CLionProjects/redBlackTree/cmake-build-debug-visual-studio/CMakeFiles/CMakeTmp

Run Build Command(s):nmake /nologo cmTC_3e187\fast && 	"C:\Program Files (x86)\Microsoft Visual Studio\2019\Community\VC\Tools\MSVC\14.22.27905\bin\HostX64\x64\nmake.exe"  -f CMakeFiles\cmTC_3e187.dir\build.make /nologo -L                  CMakeFiles\cmTC_3e187.dir\build
Building C object CMakeFiles/cmTC_3e187.dir/testCCompiler.c.obj
	C:\PROGRA~2\MICROS~1\2019\COMMUN~1\VC\Tools\MSVC\1422~1.279\bin\Hostx64\x64\cl.exe @C:\Users\steve\AppData\Local\Temp\nmB09C.tmp
testCCompiler.c
Linking C executable cmTC_3e187.exe
	"C:\Program Files\JetBrains\CLion 2020.1.2\bin\cmake\win\bin\cmake.exe" -E vs_link_exe --intdir=CMakeFiles\cmTC_3e187.dir --rc=C:\PROGRA~2\WI3CF2~1\10\bin\100183~1.0\x64\rc.exe --mt=C:\PROGRA~2\WI3CF2~1\10\bin\100183~1.0\x64\mt.exe --manifests  -- C:\PROGRA~2\MICROS~1\2019\COMMUN~1\VC\Tools\MSVC\1422~1.279\bin\Hostx64\x64\link.exe /nologo @CMakeFiles\cmTC_3e187.dir\objects1.rsp @C:\Users\steve\AppData\Local\Temp\nmB0DB.tmp



Detecting C compiler ABI info compiled with the following output:
Change Dir: C:/Users/steve/CLionProjects/redBlackTree/cmake-build-debug-visual-studio/CMakeFiles/CMakeTmp

Run Build Command(s):nmake /nologo cmTC_16e20\fast && 	"C:\Program Files (x86)\Microsoft Visual Studio\2019\Community\VC\Tools\MSVC\14.22.27905\bin\HostX64\x64\nmake.exe"  -f CMakeFiles\cmTC_16e20.dir\build.make /nologo -L                  CMakeFiles\cmTC_16e20.dir\build
Building C object CMakeFiles/cmTC_16e20.dir/CMakeCCompilerABI.c.obj
	C:\PROGRA~2\MICROS~1\2019\COMMUN~1\VC\Tools\MSVC\1422~1.279\bin\Hostx64\x64\cl.exe @C:\Users\steve\AppData\Local\Temp\nmB222.tmp
CMakeCCompilerABI.c
Linking C executable cmTC_16e20.exe
	"C:\Program Files\JetBrains\CLion 2020.1.2\bin\cmake\win\bin\cmake.exe" -E vs_link_exe --intdir=CMakeFiles\cmTC_16e20.dir --rc=C:\PROGRA~2\WI3CF2~1\10\bin\100183~1.0\x64\rc.exe --mt=C:\PROGRA~2\WI3CF2~1\10\bin\100183~1.0\x64\mt.exe --manifests  -- C:\PROGRA~2\MICROS~1\2019\COMMUN~1\VC\Tools\MSVC\1422~1.279\bin\Hostx64\x64\link.exe /nologo @CMakeFiles\cmTC_16e20.dir\objects1.rsp @C:\Users\steve\AppData\Local\Temp\nmB252.tmp



